# JRE version: OpenJDK Runtime Environment (11.0.13) (build 11.0.13+0-b1751.21-8125866)
# Java VM: OpenJDK 64-Bit Server VM (11.0.13+0-b1751.21-8125866, mixed mode, tiered, compressed oops, g1 gc, windows-amd64)
Heap:
 garbage-first heap   total 131072K, used 58665K [0x0000000081400000, 0x0000000100000000)
  region size 1024K, 6 young (6144K), 5 survivors (5120K)
 Metaspace       used 80189K, capacity 80996K, committed 81228K, reserved 1122304K
  class space    used 8893K, capacity 9219K, committed 9292K, reserved 1048576K
GC Heap History (20 events):
Event: 6.573 GC heap before
{Heap before GC invocations=1 (full 0):
 garbage-first heap   total 131072K, used 51323K [0x0000000081400000, 0x0000000100000000)
  region size 1024K, 48 young (49152K), 2 survivors (2048K)
 Metaspace       used 20972K, capacity 21190K, committed 21248K, reserved 1069056K
  class space    used 2206K, capacity 2302K, committed 2304K, reserved 1048576K
}
Event: 6.589 GC heap after
{Heap after GC invocations=2 (full 0):
 garbage-first heap   total 131072K, used 9775K [0x0000000081400000, 0x0000000100000000)
  region size 1024K, 7 young (7168K), 7 survivors (7168K)
 Metaspace       used 20972K, capacity 21190K, committed 21248K, reserved 1069056K
  class space    used 2206K, capacity 2302K, committed 2304K, reserved 1048576K
}
Event: 18.203 GC heap before
{Heap before GC invocations=3 (full 0):
 garbage-first heap   total 131072K, used 61999K [0x0000000081400000, 0x0000000100000000)
  region size 1024K, 53 young (54272K), 7 survivors (7168K)
 Metaspace       used 31851K, capacity 32251K, committed 32384K, reserved 1077248K
  class space    used 3947K, capacity 4113K, committed 4224K, reserved 1048576K
}
Event: 18.220 GC heap after
{Heap after GC invocations=4 (full 0):
 garbage-first heap   total 131072K, used 21016K [0x0000000081400000, 0x0000000100000000)
  region size 1024K, 6 young (6144K), 6 survivors (6144K)
 Metaspace       used 31851K, capacity 32251K, committed 32384K, reserved 1077248K
  class space    used 3947K, capacity 4113K, committed 4224K, reserved 1048576K
}
Event: 23.565 GC heap before
{Heap before GC invocations=4 (full 0):
 garbage-first heap   total 131072K, used 37400K [0x0000000081400000, 0x0000000100000000)
  region size 1024K, 23 young (23552K), 6 survivors (6144K)
 Metaspace       used 35345K, capacity 35723K, committed 35840K, reserved 1081344K
  class space    used 4341K, capacity 4503K, committed 4608K, reserved 1048576K
}
Event: 23.576 GC heap after
{Heap after GC invocations=5 (full 0):
 garbage-first heap   total 131072K, used 21098K [0x0000000081400000, 0x0000000100000000)
  region size 1024K, 3 young (3072K), 3 survivors (3072K)
 Metaspace       used 35345K, capacity 35723K, committed 35840K, reserved 1081344K
  class space    used 4341K, capacity 4503K, committed 4608K, reserved 1048576K
}
Event: 33.493 GC heap before
{Heap before GC invocations=6 (full 0):
 garbage-first heap   total 131072K, used 73322K [0x0000000081400000, 0x0000000100000000)
  region size 1024K, 52 young (53248K), 3 survivors (3072K)
 Metaspace       used 46608K, capacity 47090K, committed 47232K, reserved 1091584K
  class space    used 5502K, capacity 5706K, committed 5760K, reserved 1048576K
}
Event: 33.503 GC heap after
{Heap after GC invocations=7 (full 0):
 garbage-first heap   total 131072K, used 27062K [0x0000000081400000, 0x0000000100000000)
  region size 1024K, 7 young (7168K), 7 survivors (7168K)
 Metaspace       used 46608K, capacity 47090K, committed 47232K, reserved 1091584K
  class space    used 5502K, capacity 5706K, committed 5760K, reserved 1048576K
}
Event: 37.912 GC heap before
{Heap before GC invocations=7 (full 0):
 garbage-first heap   total 131072K, used 85430K [0x0000000081400000, 0x0000000100000000)
  region size 1024K, 63 young (64512K), 7 survivors (7168K)
 Metaspace       used 52515K, capacity 53123K, committed 53248K, reserved 1095680K
  class space    used 6086K, capacity 6326K, committed 6400K, reserved 1048576K
}
Event: 37.936 GC heap after
{Heap after GC invocations=8 (full 0):
 garbage-first heap   total 131072K, used 33671K [0x0000000081400000, 0x0000000100000000)
  region size 1024K, 7 young (7168K), 7 survivors (7168K)
 Metaspace       used 52515K, capacity 53123K, committed 53248K, reserved 1095680K
  class space    used 6086K, capacity 6326K, committed 6400K, reserved 1048576K
}
Event: 40.900 GC heap before
{Heap before GC invocations=8 (full 0):
 garbage-first heap   total 131072K, used 87943K [0x0000000081400000, 0x0000000100000000)
  region size 1024K, 60 young (61440K), 7 survivors (7168K)
 Metaspace       used 56720K, capacity 57339K, committed 57472K, reserved 1099776K
  class space    used 6437K, capacity 6708K, committed 6784K, reserved 1048576K
}
Event: 40.924 GC heap after
{Heap after GC invocations=9 (full 0):
 garbage-first heap   total 131072K, used 41350K [0x0000000081400000, 0x0000000100000000)
  region size 1024K, 8 young (8192K), 8 survivors (8192K)
 Metaspace       used 56720K, capacity 57339K, committed 57472K, reserved 1099776K
  class space    used 6437K, capacity 6708K, committed 6784K, reserved 1048576K
}
Event: 42.347 GC heap before
{Heap before GC invocations=9 (full 0):
 garbage-first heap   total 131072K, used 57734K [0x0000000081400000, 0x0000000100000000)
  region size 1024K, 25 young (25600K), 8 survivors (8192K)
 Metaspace       used 59469K, capacity 60095K, committed 60160K, reserved 1101824K
  class space    used 6882K, capacity 7160K, committed 7168K, reserved 1048576K
}
Event: 42.365 GC heap after
{Heap after GC invocations=10 (full 0):
 garbage-first heap   total 131072K, used 42448K [0x0000000081400000, 0x0000000100000000)
  region size 1024K, 2 young (2048K), 2 survivors (2048K)
 Metaspace       used 59469K, capacity 60095K, committed 60160K, reserved 1101824K
  class space    used 6882K, capacity 7160K, committed 7168K, reserved 1048576K
}
Event: 46.157 GC heap before
{Heap before GC invocations=11 (full 0):
 garbage-first heap   total 131072K, used 89552K [0x0000000081400000, 0x0000000100000000)
  region size 1024K, 48 young (49152K), 2 survivors (2048K)
 Metaspace       used 66872K, capacity 67607K, committed 67916K, reserved 1110016K
  class space    used 7629K, capacity 7956K, committed 8012K, reserved 1048576K
}
Event: 46.171 GC heap after
{Heap after GC invocations=12 (full 0):
 garbage-first heap   total 131072K, used 49040K [0x0000000081400000, 0x0000000100000000)
  region size 1024K, 6 young (6144K), 6 survivors (6144K)
 Metaspace       used 66872K, capacity 67607K, committed 67916K, reserved 1110016K
  class space    used 7629K, capacity 7956K, committed 8012K, reserved 1048576K
}
Event: 49.037 GC heap before
{Heap before GC invocations=12 (full 0):
 garbage-first heap   total 131072K, used 94096K [0x0000000081400000, 0x0000000100000000)
  region size 1024K, 50 young (51200K), 6 survivors (6144K)
 Metaspace       used 74994K, capacity 75776K, committed 75980K, reserved 1116160K
  class space    used 8485K, capacity 8823K, committed 8908K, reserved 1048576K
}
Event: 49.054 GC heap after
{Heap after GC invocations=13 (full 0):
 garbage-first heap   total 131072K, used 53887K [0x0000000081400000, 0x0000000100000000)
  region size 1024K, 5 young (5120K), 5 survivors (5120K)
 Metaspace       used 74994K, capacity 75776K, committed 75980K, reserved 1116160K
  class space    used 8485K, capacity 8823K, committed 8908K, reserved 1048576K
}
Event: 52.330 GC heap before
{Heap before GC invocations=13 (full 0):
 garbage-first heap   total 131072K, used 97919K [0x0000000081400000, 0x0000000100000000)
  region size 1024K, 48 young (49152K), 5 survivors (5120K)
 Metaspace       used 80060K, capacity 80859K, committed 80972K, reserved 1120256K
  class space    used 8878K, capacity 9216K, committed 9292K, reserved 1048576K
}
Event: 52.345 GC heap after
{Heap after GC invocations=14 (full 0):
 garbage-first heap   total 131072K, used 58665K [0x0000000081400000, 0x0000000100000000)
  region size 1024K, 5 young (5120K), 5 survivors (5120K)
 Metaspace       used 80060K, capacity 80859K, committed 80972K, reserved 1120256K
  class space    used 8878K, capacity 9216K, committed 9292K, reserved 1048576K
}

